<?xml version="1.0" encoding="UTF-8"?>
<coverage generated="1654958563860" clover="3.2.0">
  <project timestamp="1654958563860" name="All files">
    <metrics statements="79" coveredstatements="75" conditionals="46" coveredconditionals="40" methods="21" coveredmethods="21" elements="146" coveredelements="136" complexity="0" loc="79" ncloc="79" packages="3" files="7" classes="7"/>
    <package name="__fixtures__">
      <metrics statements="2" coveredstatements="2" conditionals="0" coveredconditionals="0" methods="2" coveredmethods="2"/>
      <file name="getFixturePath.js" path="/home/rema04/Desktop/hexlet/frontend-project-lvl2/__fixtures__/getFixturePath.js">
        <metrics statements="2" coveredstatements="2" conditionals="0" coveredconditionals="0" methods="2" coveredmethods="2"/>
        <line num="4" count="7" type="stmt"/>
        <line num="5" count="3" type="stmt"/>
      </file>
    </package>
    <package name="src">
      <metrics statements="29" coveredstatements="29" conditionals="18" coveredconditionals="16" methods="6" coveredmethods="6"/>
      <file name="compare.js" path="/home/rema04/Desktop/hexlet/frontend-project-lvl2/src/compare.js">
        <metrics statements="13" coveredstatements="13" conditionals="11" coveredconditionals="11" methods="3" coveredmethods="3"/>
        <line num="3" count="126" type="cond" truecount="1" falsecount="0"/>
        <line num="9" count="1" type="stmt"/>
        <line num="10" count="45" type="stmt"/>
        <line num="11" count="45" type="stmt"/>
        <line num="12" count="45" type="stmt"/>
        <line num="13" count="162" type="stmt"/>
        <line num="14" count="162" type="cond" truecount="4" falsecount="0"/>
        <line num="15" count="36" type="stmt"/>
        <line num="21" count="126" type="cond" truecount="2" falsecount="0"/>
        <line num="22" count="81" type="cond" truecount="2" falsecount="0"/>
        <line num="23" count="63" type="cond" truecount="2" falsecount="0"/>
        <line num="25" count="27" type="stmt"/>
        <line num="27" count="45" type="stmt"/>
      </file>
      <file name="index.js" path="/home/rema04/Desktop/hexlet/frontend-project-lvl2/src/index.js">
        <metrics statements="11" coveredstatements="11" conditionals="1" coveredconditionals="0" methods="2" coveredmethods="2"/>
        <line num="7" count="1" type="stmt"/>
        <line num="8" count="18" type="stmt"/>
        <line num="9" count="18" type="stmt"/>
        <line num="10" count="18" type="stmt"/>
        <line num="11" count="18" type="stmt"/>
        <line num="13" count="1" type="cond" truecount="0" falsecount="1"/>
        <line num="14" count="9" type="stmt"/>
        <line num="15" count="9" type="stmt"/>
        <line num="16" count="9" type="stmt"/>
        <line num="17" count="9" type="stmt"/>
        <line num="18" count="9" type="stmt"/>
      </file>
      <file name="parsers.js" path="/home/rema04/Desktop/hexlet/frontend-project-lvl2/src/parsers.js">
        <metrics statements="5" coveredstatements="5" conditionals="6" coveredconditionals="5" methods="1" coveredmethods="1"/>
        <line num="5" count="18" type="cond" truecount="2" falsecount="0"/>
        <line num="6" count="9" type="stmt"/>
        <line num="7" count="9" type="cond" truecount="3" falsecount="1"/>
        <line num="8" count="9" type="stmt"/>
        <line num="10" count="18" type="stmt"/>
      </file>
    </package>
    <package name="src.formatters">
      <metrics statements="48" coveredstatements="44" conditionals="28" coveredconditionals="24" methods="13" coveredmethods="13"/>
      <file name="index.js" path="/home/rema04/Desktop/hexlet/frontend-project-lvl2/src/formatters/index.js">
        <metrics statements="8" coveredstatements="8" conditionals="6" coveredconditionals="5" methods="1" coveredmethods="1"/>
        <line num="4" count="1" type="stmt"/>
        <line num="6" count="9" type="cond" truecount="2" falsecount="0"/>
        <line num="7" count="3" type="stmt"/>
        <line num="8" count="6" type="cond" truecount="2" falsecount="0"/>
        <line num="9" count="3" type="stmt"/>
        <line num="10" count="3" type="cond" truecount="1" falsecount="1"/>
        <line num="11" count="3" type="stmt"/>
        <line num="13" count="9" type="stmt"/>
      </file>
      <file name="plain.js" path="/home/rema04/Desktop/hexlet/frontend-project-lvl2/src/formatters/plain.js">
        <metrics statements="18" coveredstatements="16" conditionals="11" coveredconditionals="10" methods="5" coveredmethods="5"/>
        <line num="3" count="1" type="stmt"/>
        <line num="4" count="39" type="cond" truecount="2" falsecount="0"/>
        <line num="5" count="9" type="stmt"/>
        <line num="7" count="30" type="cond" truecount="2" falsecount="0"/>
        <line num="10" count="1" type="stmt"/>
        <line num="11" count="3" type="cond" truecount="1" falsecount="0"/>
        <line num="14" count="54" type="stmt"/>
        <line num="16" count="54" type="cond" truecount="5" falsecount="1"/>
        <line num="18" count="42" type="stmt"/>
        <line num="19" count="12" type="stmt"/>
        <line num="21" count="6" type="stmt"/>
        <line num="23" count="15" type="stmt"/>
        <line num="25" count="12" type="stmt"/>
        <line num="27" count="9" type="stmt"/>
        <line num="28" count="0" type="stmt"/>
        <line num="30" count="0" type="stmt"/>
        <line num="32" count="12" type="stmt"/>
        <line num="33" count="3" type="stmt"/>
      </file>
      <file name="stylish.js" path="/home/rema04/Desktop/hexlet/frontend-project-lvl2/src/formatters/stylish.js">
        <metrics statements="22" coveredstatements="20" conditionals="11" coveredconditionals="9" methods="7" coveredmethods="7"/>
        <line num="3" count="1" type="stmt"/>
        <line num="9" count="126" type="cond" truecount="1" falsecount="0"/>
        <line num="11" count="1" type="cond" truecount="0" falsecount="1"/>
        <line num="12" count="81" type="cond" truecount="2" falsecount="0"/>
        <line num="13" count="60" type="stmt"/>
        <line num="15" count="21" type="stmt"/>
        <line num="16" count="21" type="stmt"/>
        <line num="17" count="27" type="stmt"/>
        <line num="18" count="27" type="stmt"/>
        <line num="20" count="21" type="stmt"/>
        <line num="23" count="1" type="stmt"/>
        <line num="24" count="3" type="cond" truecount="1" falsecount="0"/>
        <line num="27" count="54" type="stmt"/>
        <line num="28" count="54" type="cond" truecount="5" falsecount="1"/>
        <line num="32" count="30" type="stmt"/>
        <line num="34" count="12" type="stmt"/>
        <line num="36" count="42" type="stmt"/>
        <line num="37" count="12" type="stmt"/>
        <line num="39" count="0" type="stmt"/>
        <line num="41" count="0" type="stmt"/>
        <line num="43" count="12" type="stmt"/>
        <line num="44" count="3" type="stmt"/>
      </file>
    </package>
  </project>
</coverage>
