<?xml version="1.0" encoding="UTF-8"?>
<coverage generated="1654944367249" clover="3.2.0">
  <project timestamp="1654944367250" name="All files">
    <metrics statements="73" coveredstatements="58" conditionals="39" coveredconditionals="27" methods="20" coveredmethods="16" elements="132" coveredelements="101" complexity="0" loc="73" ncloc="73" packages="3" files="7" classes="7"/>
    <package name="__fixtures__">
      <metrics statements="2" coveredstatements="2" conditionals="0" coveredconditionals="0" methods="2" coveredmethods="2"/>
      <file name="getFixturePath.js" path="/home/rema04/Desktop/hexlet/frontend-project-lvl2/__fixtures__/getFixturePath.js">
        <metrics statements="2" coveredstatements="2" conditionals="0" coveredconditionals="0" methods="2" coveredmethods="2"/>
        <line num="4" count="5" type="stmt"/>
        <line num="5" count="1" type="stmt"/>
      </file>
    </package>
    <package name="src">
      <metrics statements="30" coveredstatements="30" conditionals="18" coveredconditionals="17" methods="6" coveredmethods="6"/>
      <file name="compare.js" path="/home/rema04/Desktop/hexlet/frontend-project-lvl2/src/compare.js">
        <metrics statements="13" coveredstatements="13" conditionals="11" coveredconditionals="11" methods="3" coveredmethods="3"/>
        <line num="3" count="70" type="cond" truecount="1" falsecount="0"/>
        <line num="9" count="1" type="stmt"/>
        <line num="10" count="25" type="stmt"/>
        <line num="11" count="25" type="stmt"/>
        <line num="12" count="25" type="stmt"/>
        <line num="13" count="90" type="stmt"/>
        <line num="14" count="90" type="cond" truecount="4" falsecount="0"/>
        <line num="15" count="20" type="stmt"/>
        <line num="21" count="70" type="cond" truecount="2" falsecount="0"/>
        <line num="22" count="45" type="cond" truecount="2" falsecount="0"/>
        <line num="23" count="35" type="cond" truecount="2" falsecount="0"/>
        <line num="25" count="15" type="stmt"/>
        <line num="27" count="25" type="stmt"/>
      </file>
      <file name="index.js" path="/home/rema04/Desktop/hexlet/frontend-project-lvl2/src/index.js">
        <metrics statements="12" coveredstatements="12" conditionals="1" coveredconditionals="1" methods="2" coveredmethods="2"/>
        <line num="7" count="1" type="stmt"/>
        <line num="8" count="10" type="stmt"/>
        <line num="9" count="10" type="stmt"/>
        <line num="10" count="10" type="stmt"/>
        <line num="11" count="10" type="stmt"/>
        <line num="13" count="1" type="cond" truecount="1" falsecount="0"/>
        <line num="14" count="5" type="stmt"/>
        <line num="15" count="5" type="stmt"/>
        <line num="16" count="5" type="stmt"/>
        <line num="17" count="5" type="stmt"/>
        <line num="18" count="5" type="stmt"/>
        <line num="21" count="1" type="stmt"/>
      </file>
      <file name="parsers.js" path="/home/rema04/Desktop/hexlet/frontend-project-lvl2/src/parsers.js">
        <metrics statements="5" coveredstatements="5" conditionals="6" coveredconditionals="5" methods="1" coveredmethods="1"/>
        <line num="5" count="10" type="cond" truecount="2" falsecount="0"/>
        <line num="6" count="7" type="stmt"/>
        <line num="7" count="3" type="cond" truecount="3" falsecount="1"/>
        <line num="8" count="3" type="stmt"/>
        <line num="10" count="10" type="stmt"/>
      </file>
    </package>
    <package name="src.formatters">
      <metrics statements="41" coveredstatements="26" conditionals="21" coveredconditionals="10" methods="12" coveredmethods="8"/>
      <file name="index.js" path="/home/rema04/Desktop/hexlet/frontend-project-lvl2/src/formatters/index.js">
        <metrics statements="6" coveredstatements="4" conditionals="5" coveredconditionals="1" methods="1" coveredmethods="1"/>
        <line num="4" count="1" type="cond" truecount="0" falsecount="1"/>
        <line num="6" count="5" type="cond" truecount="1" falsecount="1"/>
        <line num="7" count="5" type="stmt"/>
        <line num="8" count="0" type="cond" truecount="0" falsecount="2"/>
        <line num="9" count="0" type="stmt"/>
        <line num="11" count="5" type="stmt"/>
      </file>
      <file name="plain.js" path="/home/rema04/Desktop/hexlet/frontend-project-lvl2/src/formatters/plain.js">
        <metrics statements="14" coveredstatements="2" conditionals="6" coveredconditionals="0" methods="4" coveredmethods="0"/>
        <line num="3" count="1" type="stmt"/>
        <line num="4" count="0" type="cond" truecount="0" falsecount="2"/>
        <line num="5" count="0" type="stmt"/>
        <line num="7" count="0" type="stmt"/>
        <line num="10" count="1" type="stmt"/>
        <line num="11" count="0" type="stmt"/>
        <line num="14" count="0" type="stmt"/>
        <line num="15" count="0" type="cond" truecount="0" falsecount="4"/>
        <line num="17" count="0" type="stmt"/>
        <line num="19" count="0" type="stmt"/>
        <line num="21" count="0" type="stmt"/>
        <line num="23" count="0" type="stmt"/>
        <line num="26" count="0" type="stmt"/>
        <line num="28" count="0" type="stmt"/>
      </file>
      <file name="stylish.js" path="/home/rema04/Desktop/hexlet/frontend-project-lvl2/src/formatters/stylish.js">
        <metrics statements="21" coveredstatements="20" conditionals="10" coveredconditionals="9" methods="7" coveredmethods="7"/>
        <line num="3" count="1" type="stmt"/>
        <line num="9" count="210" type="cond" truecount="1" falsecount="0"/>
        <line num="11" count="1" type="cond" truecount="0" falsecount="1"/>
        <line num="12" count="135" type="cond" truecount="2" falsecount="0"/>
        <line num="13" count="100" type="stmt"/>
        <line num="15" count="35" type="stmt"/>
        <line num="16" count="35" type="stmt"/>
        <line num="17" count="45" type="stmt"/>
        <line num="18" count="45" type="stmt"/>
        <line num="20" count="35" type="stmt"/>
        <line num="23" count="1" type="stmt"/>
        <line num="24" count="5" type="cond" truecount="1" falsecount="0"/>
        <line num="27" count="90" type="stmt"/>
        <line num="28" count="90" type="cond" truecount="5" falsecount="0"/>
        <line num="32" count="50" type="stmt"/>
        <line num="34" count="20" type="stmt"/>
        <line num="36" count="70" type="stmt"/>
        <line num="37" count="20" type="stmt"/>
        <line num="40" count="0" type="stmt"/>
        <line num="42" count="20" type="stmt"/>
        <line num="43" count="5" type="stmt"/>
      </file>
    </package>
  </project>
</coverage>
