{"/home/rema04/Desktop/hexlet/frontend-project-lvl2/__fixtures__/getFixturePath.js": {"path":"/home/rema04/Desktop/hexlet/frontend-project-lvl2/__fixtures__/getFixturePath.js","statementMap":{"0":{"start":{"line":4,"column":23},"end":{"line":4,"column":82}},"1":{"start":{"line":4,"column":33},"end":{"line":4,"column":82}},"2":{"start":{"line":5,"column":17},"end":{"line":5,"column":73}},"3":{"start":{"line":5,"column":27},"end":{"line":5,"column":73}}},"fnMap":{"0":{"name":"(anonymous_0)","decl":{"start":{"line":4,"column":23},"end":{"line":4,"column":24}},"loc":{"start":{"line":4,"column":33},"end":{"line":4,"column":82}},"line":4},"1":{"name":"(anonymous_1)","decl":{"start":{"line":5,"column":17},"end":{"line":5,"column":18}},"loc":{"start":{"line":5,"column":27},"end":{"line":5,"column":73}},"line":5}},"branchMap":{},"s":{"0":1,"1":5,"2":1,"3":1},"f":{"0":5,"1":1},"b":{},"_coverageSchema":"1a1c01bbd47fc00a2c39e90264f33305004495a9","hash":"4f265bff578f555874fad5b1062408fde98efdc1"}
,"/home/rema04/Desktop/hexlet/frontend-project-lvl2/src/compare.js": {"path":"/home/rema04/Desktop/hexlet/frontend-project-lvl2/src/compare.js","statementMap":{"0":{"start":{"line":3,"column":15},"end":{"line":8,"column":2}},"1":{"start":{"line":3,"column":49},"end":{"line":8,"column":1}},"2":{"start":{"line":9,"column":16},"end":{"line":28,"column":1}},"3":{"start":{"line":10,"column":23},"end":{"line":10,"column":30}},"4":{"start":{"line":11,"column":15},"end":{"line":11,"column":57}},"5":{"start":{"line":12,"column":16},"end":{"line":26,"column":4}},"6":{"start":{"line":13,"column":29},"end":{"line":13,"column":51}},"7":{"start":{"line":14,"column":4},"end":{"line":20,"column":5}},"8":{"start":{"line":15,"column":6},"end":{"line":19,"column":8}},"9":{"start":{"line":21,"column":4},"end":{"line":21,"column":63}},"10":{"start":{"line":21,"column":27},"end":{"line":21,"column":63}},"11":{"start":{"line":22,"column":4},"end":{"line":22,"column":65}},"12":{"start":{"line":22,"column":27},"end":{"line":22,"column":65}},"13":{"start":{"line":23,"column":4},"end":{"line":23,"column":87}},"14":{"start":{"line":23,"column":27},"end":{"line":23,"column":87}},"15":{"start":{"line":25,"column":4},"end":{"line":25,"column":44}},"16":{"start":{"line":27,"column":2},"end":{"line":27,"column":15}}},"fnMap":{"0":{"name":"(anonymous_0)","decl":{"start":{"line":3,"column":15},"end":{"line":3,"column":16}},"loc":{"start":{"line":3,"column":49},"end":{"line":8,"column":1}},"line":3},"1":{"name":"(anonymous_1)","decl":{"start":{"line":9,"column":16},"end":{"line":9,"column":17}},"loc":{"start":{"line":9,"column":29},"end":{"line":28,"column":1}},"line":9},"2":{"name":"(anonymous_2)","decl":{"start":{"line":12,"column":25},"end":{"line":12,"column":26}},"loc":{"start":{"line":12,"column":34},"end":{"line":26,"column":3}},"line":12}},"branchMap":{"0":{"loc":{"start":{"line":3,"column":34},"end":{"line":3,"column":43}},"type":"default-arg","locations":[{"start":{"line":3,"column":41},"end":{"line":3,"column":43}}],"line":3},"1":{"loc":{"start":{"line":14,"column":4},"end":{"line":20,"column":5}},"type":"if","locations":[{"start":{"line":14,"column":4},"end":{"line":20,"column":5}},{"start":{},"end":{}}],"line":14},"2":{"loc":{"start":{"line":14,"column":8},"end":{"line":14,"column":58}},"type":"binary-expr","locations":[{"start":{"line":14,"column":8},"end":{"line":14,"column":31}},{"start":{"line":14,"column":35},"end":{"line":14,"column":58}}],"line":14},"3":{"loc":{"start":{"line":21,"column":4},"end":{"line":21,"column":63}},"type":"if","locations":[{"start":{"line":21,"column":4},"end":{"line":21,"column":63}},{"start":{},"end":{}}],"line":21},"4":{"loc":{"start":{"line":22,"column":4},"end":{"line":22,"column":65}},"type":"if","locations":[{"start":{"line":22,"column":4},"end":{"line":22,"column":65}},{"start":{},"end":{}}],"line":22},"5":{"loc":{"start":{"line":23,"column":4},"end":{"line":23,"column":87}},"type":"if","locations":[{"start":{"line":23,"column":4},"end":{"line":23,"column":87}},{"start":{},"end":{}}],"line":23}},"s":{"0":1,"1":70,"2":1,"3":25,"4":25,"5":25,"6":90,"7":90,"8":20,"9":70,"10":25,"11":45,"12":10,"13":35,"14":20,"15":15,"16":25},"f":{"0":70,"1":25,"2":90},"b":{"0":[50],"1":[20,70],"2":[90,30],"3":[25,45],"4":[10,35],"5":[20,15]},"_coverageSchema":"1a1c01bbd47fc00a2c39e90264f33305004495a9","hash":"bd0700065431a7ea87efaacf957834b2e19bbde7"}
,"/home/rema04/Desktop/hexlet/frontend-project-lvl2/src/index.js": {"path":"/home/rema04/Desktop/hexlet/frontend-project-lvl2/src/index.js","statementMap":{"0":{"start":{"line":7,"column":18},"end":{"line":12,"column":1}},"1":{"start":{"line":8,"column":14},"end":{"line":8,"column":36}},"2":{"start":{"line":9,"column":19},"end":{"line":9,"column":72}},"3":{"start":{"line":10,"column":15},"end":{"line":10,"column":49}},"4":{"start":{"line":11,"column":2},"end":{"line":11,"column":26}},"5":{"start":{"line":13,"column":16},"end":{"line":19,"column":1}},"6":{"start":{"line":14,"column":16},"end":{"line":14,"column":38}},"7":{"start":{"line":15,"column":15},"end":{"line":15,"column":35}},"8":{"start":{"line":16,"column":15},"end":{"line":16,"column":28}},"9":{"start":{"line":17,"column":20},"end":{"line":17,"column":53}},"10":{"start":{"line":18,"column":2},"end":{"line":18,"column":19}},"11":{"start":{"line":21,"column":0},"end":{"line":21,"column":60}}},"fnMap":{"0":{"name":"(anonymous_0)","decl":{"start":{"line":7,"column":18},"end":{"line":7,"column":19}},"loc":{"start":{"line":7,"column":32},"end":{"line":12,"column":1}},"line":7},"1":{"name":"(anonymous_1)","decl":{"start":{"line":13,"column":16},"end":{"line":13,"column":17}},"loc":{"start":{"line":13,"column":66},"end":{"line":19,"column":1}},"line":13}},"branchMap":{"0":{"loc":{"start":{"line":13,"column":39},"end":{"line":13,"column":61}},"type":"default-arg","locations":[{"start":{"line":13,"column":52},"end":{"line":13,"column":61}}],"line":13}},"s":{"0":1,"1":10,"2":10,"3":10,"4":10,"5":1,"6":5,"7":5,"8":5,"9":5,"10":5,"11":1},"f":{"0":10,"1":5},"b":{"0":[2]},"_coverageSchema":"1a1c01bbd47fc00a2c39e90264f33305004495a9","hash":"2e7269706fcb269c0dbc96a7473e6096370019d1"}
,"/home/rema04/Desktop/hexlet/frontend-project-lvl2/src/parsers.js": {"path":"/home/rema04/Desktop/hexlet/frontend-project-lvl2/src/parsers.js","statementMap":{"0":{"start":{"line":5,"column":2},"end":{"line":9,"column":3}},"1":{"start":{"line":6,"column":4},"end":{"line":6,"column":23}},"2":{"start":{"line":7,"column":9},"end":{"line":9,"column":3}},"3":{"start":{"line":8,"column":4},"end":{"line":8,"column":22}},"4":{"start":{"line":10,"column":2},"end":{"line":10,"column":21}}},"fnMap":{"0":{"name":"(anonymous_0)","decl":{"start":{"line":3,"column":15},"end":{"line":3,"column":16}},"loc":{"start":{"line":3,"column":30},"end":{"line":11,"column":1}},"line":3}},"branchMap":{"0":{"loc":{"start":{"line":5,"column":2},"end":{"line":9,"column":3}},"type":"if","locations":[{"start":{"line":5,"column":2},"end":{"line":9,"column":3}},{"start":{"line":7,"column":9},"end":{"line":9,"column":3}}],"line":5},"1":{"loc":{"start":{"line":7,"column":9},"end":{"line":9,"column":3}},"type":"if","locations":[{"start":{"line":7,"column":9},"end":{"line":9,"column":3}},{"start":{},"end":{}}],"line":7},"2":{"loc":{"start":{"line":7,"column":13},"end":{"line":7,"column":46}},"type":"binary-expr","locations":[{"start":{"line":7,"column":13},"end":{"line":7,"column":28}},{"start":{"line":7,"column":32},"end":{"line":7,"column":46}}],"line":7}},"s":{"0":10,"1":7,"2":3,"3":3,"4":10},"f":{"0":10},"b":{"0":[7,3],"1":[3,0],"2":[3,3]},"_coverageSchema":"1a1c01bbd47fc00a2c39e90264f33305004495a9","hash":"51300527c1e1ad8fe6c0c9991bf457051a65613a"}
,"/home/rema04/Desktop/hexlet/frontend-project-lvl2/src/formatters/index.js": {"path":"/home/rema04/Desktop/hexlet/frontend-project-lvl2/src/formatters/index.js","statementMap":{"0":{"start":{"line":4,"column":24},"end":{"line":12,"column":1}},"1":{"start":{"line":6,"column":2},"end":{"line":10,"column":3}},"2":{"start":{"line":7,"column":4},"end":{"line":7,"column":21}},"3":{"start":{"line":8,"column":9},"end":{"line":10,"column":3}},"4":{"start":{"line":9,"column":4},"end":{"line":9,"column":19}},"5":{"start":{"line":11,"column":2},"end":{"line":11,"column":22}}},"fnMap":{"0":{"name":"(anonymous_0)","decl":{"start":{"line":4,"column":24},"end":{"line":4,"column":25}},"loc":{"start":{"line":4,"column":54},"end":{"line":12,"column":1}},"line":4}},"branchMap":{"0":{"loc":{"start":{"line":4,"column":31},"end":{"line":4,"column":49}},"type":"default-arg","locations":[{"start":{"line":4,"column":40},"end":{"line":4,"column":49}}],"line":4},"1":{"loc":{"start":{"line":6,"column":2},"end":{"line":10,"column":3}},"type":"if","locations":[{"start":{"line":6,"column":2},"end":{"line":10,"column":3}},{"start":{"line":8,"column":9},"end":{"line":10,"column":3}}],"line":6},"2":{"loc":{"start":{"line":8,"column":9},"end":{"line":10,"column":3}},"type":"if","locations":[{"start":{"line":8,"column":9},"end":{"line":10,"column":3}},{"start":{},"end":{}}],"line":8}},"s":{"0":1,"1":5,"2":5,"3":0,"4":0,"5":5},"f":{"0":5},"b":{"0":[0],"1":[5,0],"2":[0,0]},"_coverageSchema":"1a1c01bbd47fc00a2c39e90264f33305004495a9","hash":"2d5e3ac705e28974c518e241d3b07e2ef8fc6cf5"}
,"/home/rema04/Desktop/hexlet/frontend-project-lvl2/src/formatters/plain.js": {"path":"/home/rema04/Desktop/hexlet/frontend-project-lvl2/src/formatters/plain.js","statementMap":{"0":{"start":{"line":3,"column":18},"end":{"line":8,"column":1}},"1":{"start":{"line":4,"column":2},"end":{"line":6,"column":3}},"2":{"start":{"line":5,"column":4},"end":{"line":5,"column":29}},"3":{"start":{"line":7,"column":2},"end":{"line":7,"column":19}},"4":{"start":{"line":10,"column":17},"end":{"line":27,"column":1}},"5":{"start":{"line":11,"column":15},"end":{"line":25,"column":4}},"6":{"start":{"line":14,"column":8},"end":{"line":14,"column":12}},"7":{"start":{"line":15,"column":4},"end":{"line":24,"column":5}},"8":{"start":{"line":17,"column":8},"end":{"line":17,"column":66}},"9":{"start":{"line":19,"column":8},"end":{"line":19,"column":45}},"10":{"start":{"line":21,"column":8},"end":{"line":21,"column":84}},"11":{"start":{"line":23,"column":8},"end":{"line":23,"column":20}},"12":{"start":{"line":26,"column":2},"end":{"line":26,"column":14}},"13":{"start":{"line":28,"column":25},"end":{"line":28,"column":55}}},"fnMap":{"0":{"name":"(anonymous_0)","decl":{"start":{"line":3,"column":18},"end":{"line":3,"column":19}},"loc":{"start":{"line":3,"column":28},"end":{"line":8,"column":1}},"line":3},"1":{"name":"(anonymous_1)","decl":{"start":{"line":10,"column":17},"end":{"line":10,"column":18}},"loc":{"start":{"line":10,"column":28},"end":{"line":27,"column":1}},"line":10},"2":{"name":"(anonymous_2)","decl":{"start":{"line":11,"column":25},"end":{"line":11,"column":26}},"loc":{"start":{"line":11,"column":35},"end":{"line":25,"column":3}},"line":11},"3":{"name":"(anonymous_3)","decl":{"start":{"line":28,"column":15},"end":{"line":28,"column":16}},"loc":{"start":{"line":28,"column":25},"end":{"line":28,"column":55}},"line":28}},"branchMap":{"0":{"loc":{"start":{"line":4,"column":2},"end":{"line":6,"column":3}},"type":"if","locations":[{"start":{"line":4,"column":2},"end":{"line":6,"column":3}},{"start":{},"end":{}}],"line":4},"1":{"loc":{"start":{"line":15,"column":4},"end":{"line":24,"column":5}},"type":"switch","locations":[{"start":{"line":16,"column":6},"end":{"line":17,"column":66}},{"start":{"line":18,"column":6},"end":{"line":19,"column":45}},{"start":{"line":20,"column":6},"end":{"line":21,"column":84}},{"start":{"line":22,"column":6},"end":{"line":23,"column":20}}],"line":15}},"s":{"0":1,"1":0,"2":0,"3":0,"4":1,"5":0,"6":0,"7":0,"8":0,"9":0,"10":0,"11":0,"12":0,"13":0},"f":{"0":0,"1":0,"2":0,"3":0},"b":{"0":[0,0],"1":[0,0,0,0]},"_coverageSchema":"1a1c01bbd47fc00a2c39e90264f33305004495a9","hash":"7682293f5d71cf4aa2cd567efc837c5ea04aa2da"}
,"/home/rema04/Desktop/hexlet/frontend-project-lvl2/src/formatters/stylish.js": {"path":"/home/rema04/Desktop/hexlet/frontend-project-lvl2/src/formatters/stylish.js","statementMap":{"0":{"start":{"line":3,"column":16},"end":{"line":7,"column":1}},"1":{"start":{"line":9,"column":18},"end":{"line":9,"column":61}},"2":{"start":{"line":9,"column":38},"end":{"line":9,"column":61}},"3":{"start":{"line":11,"column":19},"end":{"line":21,"column":1}},"4":{"start":{"line":12,"column":2},"end":{"line":14,"column":3}},"5":{"start":{"line":13,"column":4},"end":{"line":13,"column":17}},"6":{"start":{"line":15,"column":15},"end":{"line":15,"column":28}},"7":{"start":{"line":16,"column":17},"end":{"line":19,"column":4}},"8":{"start":{"line":17,"column":22},"end":{"line":17,"column":32}},"9":{"start":{"line":18,"column":4},"end":{"line":18,"column":78}},"10":{"start":{"line":20,"column":2},"end":{"line":20,"column":57}},"11":{"start":{"line":23,"column":16},"end":{"line":44,"column":1}},"12":{"start":{"line":24,"column":15},"end":{"line":41,"column":3}},"13":{"start":{"line":27,"column":8},"end":{"line":27,"column":12}},"14":{"start":{"line":28,"column":4},"end":{"line":39,"column":5}},"15":{"start":{"line":32,"column":8},"end":{"line":32,"column":85}},"16":{"start":{"line":34,"column":8},"end":{"line":34,"column":164}},"17":{"start":{"line":36,"column":29},"end":{"line":36,"column":78}},"18":{"start":{"line":36,"column":57},"end":{"line":36,"column":77}},"19":{"start":{"line":37,"column":8},"end":{"line":37,"column":96}},"20":{"start":{"line":40,"column":4},"end":{"line":40,"column":16}},"21":{"start":{"line":42,"column":17},"end":{"line":42,"column":46}},"22":{"start":{"line":42,"column":35},"end":{"line":42,"column":45}},"23":{"start":{"line":43,"column":2},"end":{"line":43,"column":38}}},"fnMap":{"0":{"name":"(anonymous_0)","decl":{"start":{"line":9,"column":18},"end":{"line":9,"column":19}},"loc":{"start":{"line":9,"column":38},"end":{"line":9,"column":61}},"line":9},"1":{"name":"(anonymous_1)","decl":{"start":{"line":11,"column":19},"end":{"line":11,"column":20}},"loc":{"start":{"line":11,"column":39},"end":{"line":21,"column":1}},"line":11},"2":{"name":"(anonymous_2)","decl":{"start":{"line":16,"column":26},"end":{"line":16,"column":27}},"loc":{"start":{"line":16,"column":35},"end":{"line":19,"column":3}},"line":16},"3":{"name":"(anonymous_3)","decl":{"start":{"line":23,"column":16},"end":{"line":23,"column":17}},"loc":{"start":{"line":23,"column":25},"end":{"line":44,"column":1}},"line":23},"4":{"name":"(anonymous_4)","decl":{"start":{"line":24,"column":15},"end":{"line":24,"column":16}},"loc":{"start":{"line":24,"column":34},"end":{"line":41,"column":3}},"line":24},"5":{"name":"(anonymous_5)","decl":{"start":{"line":36,"column":46},"end":{"line":36,"column":47}},"loc":{"start":{"line":36,"column":57},"end":{"line":36,"column":77}},"line":36},"6":{"name":"(anonymous_6)","decl":{"start":{"line":42,"column":25},"end":{"line":42,"column":26}},"loc":{"start":{"line":42,"column":35},"end":{"line":42,"column":45}},"line":42}},"branchMap":{"0":{"loc":{"start":{"line":9,"column":24},"end":{"line":9,"column":33}},"type":"default-arg","locations":[{"start":{"line":9,"column":30},"end":{"line":9,"column":33}}],"line":9},"1":{"loc":{"start":{"line":11,"column":27},"end":{"line":11,"column":34}},"type":"default-arg","locations":[{"start":{"line":11,"column":33},"end":{"line":11,"column":34}}],"line":11},"2":{"loc":{"start":{"line":12,"column":2},"end":{"line":14,"column":3}},"type":"if","locations":[{"start":{"line":12,"column":2},"end":{"line":14,"column":3}},{"start":{},"end":{}}],"line":12},"3":{"loc":{"start":{"line":24,"column":22},"end":{"line":24,"column":29}},"type":"default-arg","locations":[{"start":{"line":24,"column":28},"end":{"line":24,"column":29}}],"line":24},"4":{"loc":{"start":{"line":28,"column":4},"end":{"line":39,"column":5}},"type":"switch","locations":[{"start":{"line":29,"column":6},"end":{"line":29,"column":21}},{"start":{"line":30,"column":6},"end":{"line":30,"column":19}},{"start":{"line":31,"column":6},"end":{"line":32,"column":85}},{"start":{"line":33,"column":6},"end":{"line":34,"column":164}},{"start":{"line":35,"column":6},"end":{"line":38,"column":7}}],"line":28}},"s":{"0":1,"1":1,"2":210,"3":1,"4":135,"5":100,"6":35,"7":35,"8":45,"9":45,"10":35,"11":1,"12":5,"13":90,"14":90,"15":50,"16":20,"17":20,"18":70,"19":20,"20":0,"21":5,"22":20,"23":5},"f":{"0":210,"1":135,"2":45,"3":5,"4":90,"5":70,"6":20},"b":{"0":[210],"1":[0],"2":[100,35],"3":[20],"4":[10,35,50,20,20]},"_coverageSchema":"1a1c01bbd47fc00a2c39e90264f33305004495a9","hash":"be1b61d96d89da69791bf2898b9c4d7660455eb3"}
}
