{"/home/rema04/Desktop/hexlet/frontend-project-lvl2/__fixtures__/getFixturePath.js": {"path":"/home/rema04/Desktop/hexlet/frontend-project-lvl2/__fixtures__/getFixturePath.js","statementMap":{"0":{"start":{"line":4,"column":23},"end":{"line":4,"column":90}},"1":{"start":{"line":4,"column":37},"end":{"line":4,"column":90}},"2":{"start":{"line":5,"column":17},"end":{"line":5,"column":81}},"3":{"start":{"line":5,"column":31},"end":{"line":5,"column":81}}},"fnMap":{"0":{"name":"(anonymous_0)","decl":{"start":{"line":4,"column":23},"end":{"line":4,"column":24}},"loc":{"start":{"line":4,"column":37},"end":{"line":4,"column":90}},"line":4},"1":{"name":"(anonymous_1)","decl":{"start":{"line":5,"column":17},"end":{"line":5,"column":18}},"loc":{"start":{"line":5,"column":31},"end":{"line":5,"column":81}},"line":5}},"branchMap":{},"s":{"0":1,"1":7,"2":1,"3":3},"f":{"0":7,"1":3},"b":{},"_coverageSchema":"1a1c01bbd47fc00a2c39e90264f33305004495a9","hash":"aa78a48b2bcbc31b7d2e6b2a86b7dab7b71dc9e9"}
,"/home/rema04/Desktop/hexlet/frontend-project-lvl2/src/compare.js": {"path":"/home/rema04/Desktop/hexlet/frontend-project-lvl2/src/compare.js","statementMap":{"0":{"start":{"line":3,"column":15},"end":{"line":8,"column":2}},"1":{"start":{"line":3,"column":49},"end":{"line":8,"column":1}},"2":{"start":{"line":9,"column":16},"end":{"line":28,"column":1}},"3":{"start":{"line":10,"column":23},"end":{"line":10,"column":30}},"4":{"start":{"line":11,"column":15},"end":{"line":11,"column":57}},"5":{"start":{"line":12,"column":16},"end":{"line":26,"column":4}},"6":{"start":{"line":13,"column":29},"end":{"line":13,"column":51}},"7":{"start":{"line":14,"column":4},"end":{"line":20,"column":5}},"8":{"start":{"line":15,"column":6},"end":{"line":19,"column":8}},"9":{"start":{"line":21,"column":4},"end":{"line":21,"column":63}},"10":{"start":{"line":21,"column":27},"end":{"line":21,"column":63}},"11":{"start":{"line":22,"column":4},"end":{"line":22,"column":65}},"12":{"start":{"line":22,"column":27},"end":{"line":22,"column":65}},"13":{"start":{"line":23,"column":4},"end":{"line":23,"column":87}},"14":{"start":{"line":23,"column":27},"end":{"line":23,"column":87}},"15":{"start":{"line":25,"column":4},"end":{"line":25,"column":44}},"16":{"start":{"line":27,"column":2},"end":{"line":27,"column":15}}},"fnMap":{"0":{"name":"(anonymous_0)","decl":{"start":{"line":3,"column":15},"end":{"line":3,"column":16}},"loc":{"start":{"line":3,"column":49},"end":{"line":8,"column":1}},"line":3},"1":{"name":"(anonymous_1)","decl":{"start":{"line":9,"column":16},"end":{"line":9,"column":17}},"loc":{"start":{"line":9,"column":29},"end":{"line":28,"column":1}},"line":9},"2":{"name":"(anonymous_2)","decl":{"start":{"line":12,"column":25},"end":{"line":12,"column":26}},"loc":{"start":{"line":12,"column":34},"end":{"line":26,"column":3}},"line":12}},"branchMap":{"0":{"loc":{"start":{"line":3,"column":34},"end":{"line":3,"column":43}},"type":"default-arg","locations":[{"start":{"line":3,"column":41},"end":{"line":3,"column":43}}],"line":3},"1":{"loc":{"start":{"line":14,"column":4},"end":{"line":20,"column":5}},"type":"if","locations":[{"start":{"line":14,"column":4},"end":{"line":20,"column":5}},{"start":{},"end":{}}],"line":14},"2":{"loc":{"start":{"line":14,"column":8},"end":{"line":14,"column":58}},"type":"binary-expr","locations":[{"start":{"line":14,"column":8},"end":{"line":14,"column":31}},{"start":{"line":14,"column":35},"end":{"line":14,"column":58}}],"line":14},"3":{"loc":{"start":{"line":21,"column":4},"end":{"line":21,"column":63}},"type":"if","locations":[{"start":{"line":21,"column":4},"end":{"line":21,"column":63}},{"start":{},"end":{}}],"line":21},"4":{"loc":{"start":{"line":22,"column":4},"end":{"line":22,"column":65}},"type":"if","locations":[{"start":{"line":22,"column":4},"end":{"line":22,"column":65}},{"start":{},"end":{}}],"line":22},"5":{"loc":{"start":{"line":23,"column":4},"end":{"line":23,"column":87}},"type":"if","locations":[{"start":{"line":23,"column":4},"end":{"line":23,"column":87}},{"start":{},"end":{}}],"line":23}},"s":{"0":1,"1":126,"2":1,"3":45,"4":45,"5":45,"6":162,"7":162,"8":36,"9":126,"10":45,"11":81,"12":18,"13":63,"14":36,"15":27,"16":45},"f":{"0":126,"1":45,"2":162},"b":{"0":[90],"1":[36,126],"2":[162,54],"3":[45,81],"4":[18,63],"5":[36,27]},"_coverageSchema":"1a1c01bbd47fc00a2c39e90264f33305004495a9","hash":"bd0700065431a7ea87efaacf957834b2e19bbde7"}
,"/home/rema04/Desktop/hexlet/frontend-project-lvl2/src/index.js": {"path":"/home/rema04/Desktop/hexlet/frontend-project-lvl2/src/index.js","statementMap":{"0":{"start":{"line":7,"column":18},"end":{"line":12,"column":1}},"1":{"start":{"line":8,"column":14},"end":{"line":8,"column":36}},"2":{"start":{"line":9,"column":19},"end":{"line":9,"column":72}},"3":{"start":{"line":10,"column":15},"end":{"line":10,"column":49}},"4":{"start":{"line":11,"column":2},"end":{"line":11,"column":26}},"5":{"start":{"line":13,"column":16},"end":{"line":19,"column":1}},"6":{"start":{"line":14,"column":16},"end":{"line":14,"column":38}},"7":{"start":{"line":15,"column":15},"end":{"line":15,"column":35}},"8":{"start":{"line":16,"column":15},"end":{"line":16,"column":28}},"9":{"start":{"line":17,"column":20},"end":{"line":17,"column":53}},"10":{"start":{"line":18,"column":2},"end":{"line":18,"column":19}}},"fnMap":{"0":{"name":"(anonymous_0)","decl":{"start":{"line":7,"column":18},"end":{"line":7,"column":19}},"loc":{"start":{"line":7,"column":32},"end":{"line":12,"column":1}},"line":7},"1":{"name":"(anonymous_1)","decl":{"start":{"line":13,"column":16},"end":{"line":13,"column":17}},"loc":{"start":{"line":13,"column":66},"end":{"line":19,"column":1}},"line":13}},"branchMap":{"0":{"loc":{"start":{"line":13,"column":39},"end":{"line":13,"column":61}},"type":"default-arg","locations":[{"start":{"line":13,"column":52},"end":{"line":13,"column":61}}],"line":13}},"s":{"0":1,"1":18,"2":18,"3":18,"4":18,"5":1,"6":9,"7":9,"8":9,"9":9,"10":9},"f":{"0":18,"1":9},"b":{"0":[0]},"_coverageSchema":"1a1c01bbd47fc00a2c39e90264f33305004495a9","hash":"d638b356bf367a1976b8c90ec27c316019f7b708"}
,"/home/rema04/Desktop/hexlet/frontend-project-lvl2/src/parsers.js": {"path":"/home/rema04/Desktop/hexlet/frontend-project-lvl2/src/parsers.js","statementMap":{"0":{"start":{"line":5,"column":2},"end":{"line":9,"column":3}},"1":{"start":{"line":6,"column":4},"end":{"line":6,"column":23}},"2":{"start":{"line":7,"column":9},"end":{"line":9,"column":3}},"3":{"start":{"line":8,"column":4},"end":{"line":8,"column":22}},"4":{"start":{"line":10,"column":2},"end":{"line":10,"column":21}}},"fnMap":{"0":{"name":"(anonymous_0)","decl":{"start":{"line":3,"column":15},"end":{"line":3,"column":16}},"loc":{"start":{"line":3,"column":30},"end":{"line":11,"column":1}},"line":3}},"branchMap":{"0":{"loc":{"start":{"line":5,"column":2},"end":{"line":9,"column":3}},"type":"if","locations":[{"start":{"line":5,"column":2},"end":{"line":9,"column":3}},{"start":{"line":7,"column":9},"end":{"line":9,"column":3}}],"line":5},"1":{"loc":{"start":{"line":7,"column":9},"end":{"line":9,"column":3}},"type":"if","locations":[{"start":{"line":7,"column":9},"end":{"line":9,"column":3}},{"start":{},"end":{}}],"line":7},"2":{"loc":{"start":{"line":7,"column":13},"end":{"line":7,"column":46}},"type":"binary-expr","locations":[{"start":{"line":7,"column":13},"end":{"line":7,"column":28}},{"start":{"line":7,"column":32},"end":{"line":7,"column":46}}],"line":7}},"s":{"0":18,"1":9,"2":9,"3":9,"4":18},"f":{"0":18},"b":{"0":[9,9],"1":[9,0],"2":[9,9]},"_coverageSchema":"1a1c01bbd47fc00a2c39e90264f33305004495a9","hash":"51300527c1e1ad8fe6c0c9991bf457051a65613a"}
,"/home/rema04/Desktop/hexlet/frontend-project-lvl2/src/formatters/index.js": {"path":"/home/rema04/Desktop/hexlet/frontend-project-lvl2/src/formatters/index.js","statementMap":{"0":{"start":{"line":4,"column":24},"end":{"line":14,"column":1}},"1":{"start":{"line":6,"column":2},"end":{"line":12,"column":3}},"2":{"start":{"line":7,"column":4},"end":{"line":7,"column":21}},"3":{"start":{"line":8,"column":9},"end":{"line":12,"column":3}},"4":{"start":{"line":9,"column":4},"end":{"line":9,"column":19}},"5":{"start":{"line":10,"column":9},"end":{"line":12,"column":3}},"6":{"start":{"line":11,"column":4},"end":{"line":11,"column":28}},"7":{"start":{"line":13,"column":2},"end":{"line":13,"column":22}}},"fnMap":{"0":{"name":"(anonymous_0)","decl":{"start":{"line":4,"column":24},"end":{"line":4,"column":25}},"loc":{"start":{"line":4,"column":42},"end":{"line":14,"column":1}},"line":4}},"branchMap":{"0":{"loc":{"start":{"line":6,"column":2},"end":{"line":12,"column":3}},"type":"if","locations":[{"start":{"line":6,"column":2},"end":{"line":12,"column":3}},{"start":{"line":8,"column":9},"end":{"line":12,"column":3}}],"line":6},"1":{"loc":{"start":{"line":8,"column":9},"end":{"line":12,"column":3}},"type":"if","locations":[{"start":{"line":8,"column":9},"end":{"line":12,"column":3}},{"start":{"line":10,"column":9},"end":{"line":12,"column":3}}],"line":8},"2":{"loc":{"start":{"line":10,"column":9},"end":{"line":12,"column":3}},"type":"if","locations":[{"start":{"line":10,"column":9},"end":{"line":12,"column":3}},{"start":{},"end":{}}],"line":10}},"s":{"0":1,"1":9,"2":3,"3":6,"4":3,"5":3,"6":3,"7":9},"f":{"0":9},"b":{"0":[3,6],"1":[3,3],"2":[3,0]},"_coverageSchema":"1a1c01bbd47fc00a2c39e90264f33305004495a9","hash":"a24abc91eb8158498835401254dbe43c1534d807"}
,"/home/rema04/Desktop/hexlet/frontend-project-lvl2/src/formatters/plain.js": {"path":"/home/rema04/Desktop/hexlet/frontend-project-lvl2/src/formatters/plain.js","statementMap":{"0":{"start":{"line":3,"column":19},"end":{"line":8,"column":1}},"1":{"start":{"line":4,"column":2},"end":{"line":6,"column":3}},"2":{"start":{"line":5,"column":4},"end":{"line":5,"column":29}},"3":{"start":{"line":7,"column":2},"end":{"line":7,"column":58}},"4":{"start":{"line":10,"column":14},"end":{"line":34,"column":1}},"5":{"start":{"line":11,"column":15},"end":{"line":31,"column":3}},"6":{"start":{"line":14,"column":8},"end":{"line":14,"column":12}},"7":{"start":{"line":16,"column":4},"end":{"line":29,"column":5}},"8":{"start":{"line":18,"column":8},"end":{"line":18,"column":83}},"9":{"start":{"line":18,"column":50},"end":{"line":18,"column":81}},"10":{"start":{"line":19,"column":8},"end":{"line":19,"column":38}},"11":{"start":{"line":21,"column":8},"end":{"line":21,"column":56}},"12":{"start":{"line":23,"column":8},"end":{"line":23,"column":87}},"13":{"start":{"line":25,"column":8},"end":{"line":25,"column":115}},"14":{"start":{"line":27,"column":8},"end":{"line":27,"column":18}},"15":{"start":{"line":28,"column":15},"end":{"line":28,"column":37}},"16":{"start":{"line":30,"column":4},"end":{"line":30,"column":16}},"17":{"start":{"line":32,"column":17},"end":{"line":32,"column":48}},"18":{"start":{"line":32,"column":37},"end":{"line":32,"column":47}},"19":{"start":{"line":33,"column":2},"end":{"line":33,"column":32}}},"fnMap":{"0":{"name":"(anonymous_0)","decl":{"start":{"line":3,"column":19},"end":{"line":3,"column":20}},"loc":{"start":{"line":3,"column":30},"end":{"line":8,"column":1}},"line":3},"1":{"name":"(anonymous_1)","decl":{"start":{"line":10,"column":14},"end":{"line":10,"column":15}},"loc":{"start":{"line":10,"column":25},"end":{"line":34,"column":1}},"line":10},"2":{"name":"(anonymous_2)","decl":{"start":{"line":11,"column":15},"end":{"line":11,"column":16}},"loc":{"start":{"line":11,"column":38},"end":{"line":31,"column":3}},"line":11},"3":{"name":"(anonymous_3)","decl":{"start":{"line":18,"column":39},"end":{"line":18,"column":40}},"loc":{"start":{"line":18,"column":50},"end":{"line":18,"column":81}},"line":18},"4":{"name":"(anonymous_4)","decl":{"start":{"line":32,"column":27},"end":{"line":32,"column":28}},"loc":{"start":{"line":32,"column":37},"end":{"line":32,"column":47}},"line":32}},"branchMap":{"0":{"loc":{"start":{"line":4,"column":2},"end":{"line":6,"column":3}},"type":"if","locations":[{"start":{"line":4,"column":2},"end":{"line":6,"column":3}},{"start":{},"end":{}}],"line":4},"1":{"loc":{"start":{"line":7,"column":9},"end":{"line":7,"column":57}},"type":"cond-expr","locations":[{"start":{"line":7,"column":37},"end":{"line":7,"column":49}},{"start":{"line":7,"column":52},"end":{"line":7,"column":57}}],"line":7},"2":{"loc":{"start":{"line":11,"column":22},"end":{"line":11,"column":33}},"type":"default-arg","locations":[{"start":{"line":11,"column":31},"end":{"line":11,"column":33}}],"line":11},"3":{"loc":{"start":{"line":16,"column":4},"end":{"line":29,"column":5}},"type":"switch","locations":[{"start":{"line":17,"column":6},"end":{"line":19,"column":38}},{"start":{"line":20,"column":6},"end":{"line":21,"column":56}},{"start":{"line":22,"column":6},"end":{"line":23,"column":87}},{"start":{"line":24,"column":6},"end":{"line":25,"column":115}},{"start":{"line":26,"column":6},"end":{"line":27,"column":18}},{"start":{"line":28,"column":6},"end":{"line":28,"column":37}}],"line":16}},"s":{"0":1,"1":39,"2":9,"3":30,"4":1,"5":3,"6":54,"7":54,"8":12,"9":42,"10":12,"11":6,"12":15,"13":12,"14":9,"15":0,"16":0,"17":3,"18":12,"19":3},"f":{"0":39,"1":3,"2":54,"3":42,"4":12},"b":{"0":[9,30],"1":[21,9],"2":[12],"3":[12,6,15,12,9,0]},"_coverageSchema":"1a1c01bbd47fc00a2c39e90264f33305004495a9","hash":"681c6706015e7fd09dca0c7e7ea614865f26fc24"}
,"/home/rema04/Desktop/hexlet/frontend-project-lvl2/src/formatters/stylish.js": {"path":"/home/rema04/Desktop/hexlet/frontend-project-lvl2/src/formatters/stylish.js","statementMap":{"0":{"start":{"line":3,"column":16},"end":{"line":7,"column":1}},"1":{"start":{"line":9,"column":18},"end":{"line":9,"column":61}},"2":{"start":{"line":9,"column":38},"end":{"line":9,"column":61}},"3":{"start":{"line":11,"column":19},"end":{"line":21,"column":1}},"4":{"start":{"line":12,"column":2},"end":{"line":14,"column":3}},"5":{"start":{"line":13,"column":4},"end":{"line":13,"column":17}},"6":{"start":{"line":15,"column":15},"end":{"line":15,"column":28}},"7":{"start":{"line":16,"column":17},"end":{"line":19,"column":4}},"8":{"start":{"line":17,"column":22},"end":{"line":17,"column":32}},"9":{"start":{"line":18,"column":4},"end":{"line":18,"column":78}},"10":{"start":{"line":20,"column":2},"end":{"line":20,"column":57}},"11":{"start":{"line":23,"column":16},"end":{"line":45,"column":1}},"12":{"start":{"line":24,"column":15},"end":{"line":42,"column":3}},"13":{"start":{"line":27,"column":8},"end":{"line":27,"column":12}},"14":{"start":{"line":28,"column":4},"end":{"line":40,"column":5}},"15":{"start":{"line":32,"column":8},"end":{"line":32,"column":85}},"16":{"start":{"line":34,"column":8},"end":{"line":34,"column":164}},"17":{"start":{"line":36,"column":29},"end":{"line":36,"column":78}},"18":{"start":{"line":36,"column":57},"end":{"line":36,"column":77}},"19":{"start":{"line":37,"column":8},"end":{"line":37,"column":96}},"20":{"start":{"line":39,"column":15},"end":{"line":39,"column":37}},"21":{"start":{"line":41,"column":4},"end":{"line":41,"column":16}},"22":{"start":{"line":43,"column":17},"end":{"line":43,"column":46}},"23":{"start":{"line":43,"column":35},"end":{"line":43,"column":45}},"24":{"start":{"line":44,"column":2},"end":{"line":44,"column":38}}},"fnMap":{"0":{"name":"(anonymous_0)","decl":{"start":{"line":9,"column":18},"end":{"line":9,"column":19}},"loc":{"start":{"line":9,"column":38},"end":{"line":9,"column":61}},"line":9},"1":{"name":"(anonymous_1)","decl":{"start":{"line":11,"column":19},"end":{"line":11,"column":20}},"loc":{"start":{"line":11,"column":39},"end":{"line":21,"column":1}},"line":11},"2":{"name":"(anonymous_2)","decl":{"start":{"line":16,"column":26},"end":{"line":16,"column":27}},"loc":{"start":{"line":16,"column":35},"end":{"line":19,"column":3}},"line":16},"3":{"name":"(anonymous_3)","decl":{"start":{"line":23,"column":16},"end":{"line":23,"column":17}},"loc":{"start":{"line":23,"column":25},"end":{"line":45,"column":1}},"line":23},"4":{"name":"(anonymous_4)","decl":{"start":{"line":24,"column":15},"end":{"line":24,"column":16}},"loc":{"start":{"line":24,"column":34},"end":{"line":42,"column":3}},"line":24},"5":{"name":"(anonymous_5)","decl":{"start":{"line":36,"column":46},"end":{"line":36,"column":47}},"loc":{"start":{"line":36,"column":57},"end":{"line":36,"column":77}},"line":36},"6":{"name":"(anonymous_6)","decl":{"start":{"line":43,"column":25},"end":{"line":43,"column":26}},"loc":{"start":{"line":43,"column":35},"end":{"line":43,"column":45}},"line":43}},"branchMap":{"0":{"loc":{"start":{"line":9,"column":24},"end":{"line":9,"column":33}},"type":"default-arg","locations":[{"start":{"line":9,"column":30},"end":{"line":9,"column":33}}],"line":9},"1":{"loc":{"start":{"line":11,"column":27},"end":{"line":11,"column":34}},"type":"default-arg","locations":[{"start":{"line":11,"column":33},"end":{"line":11,"column":34}}],"line":11},"2":{"loc":{"start":{"line":12,"column":2},"end":{"line":14,"column":3}},"type":"if","locations":[{"start":{"line":12,"column":2},"end":{"line":14,"column":3}},{"start":{},"end":{}}],"line":12},"3":{"loc":{"start":{"line":24,"column":22},"end":{"line":24,"column":29}},"type":"default-arg","locations":[{"start":{"line":24,"column":28},"end":{"line":24,"column":29}}],"line":24},"4":{"loc":{"start":{"line":28,"column":4},"end":{"line":40,"column":5}},"type":"switch","locations":[{"start":{"line":29,"column":6},"end":{"line":29,"column":21}},{"start":{"line":30,"column":6},"end":{"line":30,"column":19}},{"start":{"line":31,"column":6},"end":{"line":32,"column":85}},{"start":{"line":33,"column":6},"end":{"line":34,"column":164}},{"start":{"line":35,"column":6},"end":{"line":38,"column":7}},{"start":{"line":39,"column":6},"end":{"line":39,"column":37}}],"line":28}},"s":{"0":1,"1":1,"2":126,"3":1,"4":81,"5":60,"6":21,"7":21,"8":27,"9":27,"10":21,"11":1,"12":3,"13":54,"14":54,"15":30,"16":12,"17":12,"18":42,"19":12,"20":0,"21":0,"22":3,"23":12,"24":3},"f":{"0":126,"1":81,"2":27,"3":3,"4":54,"5":42,"6":12},"b":{"0":[126],"1":[0],"2":[60,21],"3":[12],"4":[6,21,30,12,12,0]},"_coverageSchema":"1a1c01bbd47fc00a2c39e90264f33305004495a9","hash":"1cba37324909e5b4885ae6f963baa7fae7b19988"}
}
