TN:
SF:__fixtures__/getFixturePath.js
FN:4,(anonymous_0)
FN:5,(anonymous_1)
FNF:2
FNH:2
FNDA:6,(anonymous_0)
FNDA:2,(anonymous_1)
DA:4,6
DA:5,2
LF:2
LH:2
BRF:0
BRH:0
end_of_record
TN:
SF:src/compare.js
FN:3,(anonymous_0)
FN:9,(anonymous_1)
FN:12,(anonymous_2)
FNF:3
FNH:3
FNDA:84,(anonymous_0)
FNDA:30,(anonymous_1)
FNDA:108,(anonymous_2)
DA:3,84
DA:9,1
DA:10,30
DA:11,30
DA:12,30
DA:13,108
DA:14,108
DA:15,24
DA:21,84
DA:22,54
DA:23,42
DA:25,18
DA:27,30
LF:13
LH:13
BRDA:3,0,0,60
BRDA:14,1,0,24
BRDA:14,1,1,84
BRDA:14,2,0,108
BRDA:14,2,1,36
BRDA:21,3,0,30
BRDA:21,3,1,54
BRDA:22,4,0,12
BRDA:22,4,1,42
BRDA:23,5,0,24
BRDA:23,5,1,18
BRF:11
BRH:11
end_of_record
TN:
SF:src/index.js
FN:7,(anonymous_0)
FN:13,(anonymous_1)
FNF:2
FNH:2
FNDA:12,(anonymous_0)
FNDA:6,(anonymous_1)
DA:7,1
DA:8,12
DA:9,12
DA:10,12
DA:11,12
DA:13,1
DA:14,6
DA:15,6
DA:16,6
DA:17,6
DA:18,6
LF:11
LH:11
BRDA:13,0,0,0
BRF:1
BRH:0
end_of_record
TN:
SF:src/parsers.js
FN:3,(anonymous_0)
FNF:1
FNH:1
FNDA:12,(anonymous_0)
DA:5,12
DA:6,6
DA:7,6
DA:8,6
DA:10,12
LF:5
LH:5
BRDA:5,0,0,6
BRDA:5,0,1,6
BRDA:7,1,0,6
BRDA:7,1,1,0
BRDA:7,2,0,6
BRDA:7,2,1,6
BRF:6
BRH:5
end_of_record
TN:
SF:src/formatters/index.js
FN:4,(anonymous_0)
FNF:1
FNH:1
FNDA:6,(anonymous_0)
DA:4,1
DA:6,6
DA:7,3
DA:8,3
DA:9,3
DA:11,6
LF:6
LH:6
BRDA:6,0,0,3
BRDA:6,0,1,3
BRDA:8,1,0,3
BRDA:8,1,1,0
BRF:4
BRH:3
end_of_record
TN:
SF:src/formatters/plain.js
FN:3,(anonymous_0)
FN:10,(anonymous_1)
FN:11,(anonymous_2)
FN:18,(anonymous_3)
FN:32,(anonymous_4)
FNF:5
FNH:5
FNDA:39,(anonymous_0)
FNDA:3,(anonymous_1)
FNDA:54,(anonymous_2)
FNDA:42,(anonymous_3)
FNDA:12,(anonymous_4)
DA:3,1
DA:4,39
DA:5,9
DA:7,30
DA:10,1
DA:11,3
DA:14,54
DA:16,54
DA:18,42
DA:19,12
DA:21,6
DA:23,15
DA:25,12
DA:27,9
DA:28,0
DA:30,0
DA:32,12
DA:33,3
LF:18
LH:16
BRDA:4,0,0,9
BRDA:4,0,1,30
BRDA:7,1,0,21
BRDA:7,1,1,9
BRDA:11,2,0,12
BRDA:16,3,0,12
BRDA:16,3,1,6
BRDA:16,3,2,15
BRDA:16,3,3,12
BRDA:16,3,4,9
BRDA:16,3,5,0
BRF:11
BRH:10
end_of_record
TN:
SF:src/formatters/stylish.js
FN:9,(anonymous_0)
FN:11,(anonymous_1)
FN:16,(anonymous_2)
FN:23,(anonymous_3)
FN:24,(anonymous_4)
FN:36,(anonymous_5)
FN:43,(anonymous_6)
FNF:7
FNH:7
FNDA:126,(anonymous_0)
FNDA:81,(anonymous_1)
FNDA:27,(anonymous_2)
FNDA:3,(anonymous_3)
FNDA:54,(anonymous_4)
FNDA:42,(anonymous_5)
FNDA:12,(anonymous_6)
DA:3,1
DA:9,126
DA:11,1
DA:12,81
DA:13,60
DA:15,21
DA:16,21
DA:17,27
DA:18,27
DA:20,21
DA:23,1
DA:24,3
DA:27,54
DA:28,54
DA:32,30
DA:34,12
DA:36,42
DA:37,12
DA:39,0
DA:41,0
DA:43,12
DA:44,3
LF:22
LH:20
BRDA:9,0,0,126
BRDA:11,1,0,0
BRDA:12,2,0,60
BRDA:12,2,1,21
BRDA:24,3,0,12
BRDA:28,4,0,6
BRDA:28,4,1,21
BRDA:28,4,2,30
BRDA:28,4,3,12
BRDA:28,4,4,12
BRDA:28,4,5,0
BRF:11
BRH:9
end_of_record
